2025-09-08 17:18:21,064 - UnicodeAnalysisManager - INFO - 开始Unicode威胁分析...
2025-09-08 17:18:21,064 - UnicodeAnalysisManager - ERROR - 解析数据目录不存在: testscan\parsed_data
2025-09-08 17:19:19,303 - UnicodeAnalysisManager - INFO - 开始Unicode威胁分析...
2025-09-08 17:19:19,303 - UnicodeAnalysisManager - INFO - 步骤1: 提取字符...
2025-09-08 17:24:56,652 - UnicodeAnalysisManager - INFO - 步骤2: 检测Unicode威胁...
2025-09-08 17:25:54,472 - UnicodeAnalysisManager - INFO - 分析结果已保存: D:\pythonproject\Unicode_Agent\testscan\testscan_data\unicode_analysis\unicode_analysis_result.json
2025-09-08 17:25:54,472 - UnicodeAnalysisManager - INFO - Unicode威胁分析完成
2025-09-09 17:46:41,221 - UnicodeAnalysisManager - INFO - 开始Unicode威胁分析...
2025-09-09 17:46:41,222 - UnicodeAnalysisManager - INFO - 步骤1: 提取字符...
2025-09-11 15:56:54,170 - UnicodeAnalysisManager - INFO - 启用的数据源: reddit
2025-09-11 15:56:54,222 - UnicodeAnalysisManager - INFO - 开始Unicode威胁分析...
2025-09-11 15:56:54,222 - UnicodeAnalysisManager - INFO - 步骤1: 提取字符...
2025-09-11 16:00:19,396 - UnicodeAnalysisManager - INFO - 步骤2: 检测Unicode威胁...
2025-09-11 16:00:43,825 - UnicodeAnalysisManager - INFO - 分析结果已保存: D:\pythonproject\Unicode_Agent\testscan\testscan_data\unicode_analysis\unicode_analysis_result.json
2025-09-11 16:00:43,825 - UnicodeAnalysisManager - INFO - Unicode威胁分析完成
2025-09-11 17:19:21,851 - UnicodeAnalysisManager - INFO - 启用的数据源: twitter
2025-09-11 17:19:21,917 - UnicodeAnalysisManager - INFO - 开始Unicode威胁分析...
2025-09-11 17:19:21,917 - UnicodeAnalysisManager - INFO - 步骤1: 提取字符...
2025-09-11 17:19:22,099 - UnicodeAnalysisManager - INFO - 步骤2: 检测Unicode威胁...
2025-09-11 17:19:22,151 - UnicodeAnalysisManager - INFO - Unicode威胁分析完成
2025-09-12 17:09:37,105 - UnicodeAnalysisManager - INFO - 启用的数据源: twitter
2025-09-12 17:09:37,220 - UnicodeAnalysisManager - INFO - 开始Unicode威胁分析...
2025-09-12 17:09:37,221 - UnicodeAnalysisManager - INFO - 步骤1: 提取字符...
2025-09-12 17:09:37,601 - UnicodeAnalysisManager - INFO - 步骤2: 检测Unicode威胁...
2025-09-12 17:09:37,611 - UnicodeAnalysisManager - ERROR - Unicode威胁分析失败: 'threat_info'
2025-09-12 17:11:48,031 - UnicodeAnalysisManager - INFO - 启用的数据源: twitter
2025-09-12 17:11:48,064 - UnicodeAnalysisManager - INFO - 开始Unicode威胁分析...
2025-09-12 17:11:48,064 - UnicodeAnalysisManager - INFO - 步骤1: 提取字符...
2025-09-12 17:11:48,344 - UnicodeAnalysisManager - INFO - 步骤2: 检测Unicode威胁...
2025-09-12 17:11:48,367 - UnicodeAnalysisManager - INFO - Unicode威胁分析完成
2025-09-15 15:55:24,956 - UnicodeAnalysisManager - INFO - 启用的数据源: reddit
2025-09-15 15:56:16,602 - UnicodeAnalysisManager - INFO - 启用的数据源: reddit
2025-09-15 15:56:16,659 - UnicodeAnalysisManager - INFO - 开始Unicode标识符状态分析...
2025-09-15 15:56:16,659 - UnicodeAnalysisManager - INFO - 步骤1: 提取字符...
2025-09-15 15:59:56,462 - UnicodeAnalysisManager - INFO - 步骤2: 检测受限字符...
2025-09-15 16:00:53,294 - UnicodeAnalysisManager - INFO - Unicode标识符状态分析完成
2025-09-15 16:11:52,775 - UnicodeAnalysisManager - INFO - 启用的数据源: reddit
2025-09-15 16:11:52,865 - UnicodeAnalysisManager - INFO - 开始Unicode标识符状态分析...
2025-09-15 16:11:52,866 - UnicodeAnalysisManager - INFO - 步骤1: 提取字符...
2025-09-15 16:15:15,038 - UnicodeAnalysisManager - INFO - 步骤2: 检测受限字符...
2025-09-15 16:15:25,233 - UnicodeAnalysisManager - INFO - Unicode标识符状态分析完成
2025-09-15 16:27:02,576 - UnicodeAnalysisManager - INFO - 启用的数据源: reddit
2025-09-15 16:27:02,634 - UnicodeAnalysisManager - INFO - 开始Unicode标识符状态分析...
2025-09-15 16:27:02,635 - UnicodeAnalysisManager - INFO - 步骤1: 提取字符...
2025-09-15 16:30:39,591 - UnicodeAnalysisManager - INFO - 步骤2: 检测受限字符...
2025-09-15 16:31:33,864 - UnicodeAnalysisManager - INFO - Unicode标识符状态分析完成
2025-09-15 16:37:27,575 - UnicodeAnalysisManager - INFO - 启用的数据源: reddit
2025-09-15 16:37:27,637 - UnicodeAnalysisManager - INFO - 开始Unicode标识符状态分析...
2025-09-15 16:37:27,637 - UnicodeAnalysisManager - INFO - 步骤1: 提取字符...
2025-09-15 16:40:55,948 - UnicodeAnalysisManager - INFO - 步骤2: 检测受限字符...
2025-09-15 16:41:02,858 - UnicodeAnalysisManager - INFO - Unicode标识符状态分析完成
2025-09-15 16:56:56,960 - UnicodeAnalysisManager - INFO - 启用的数据源: reddit
2025-09-15 16:56:57,029 - UnicodeAnalysisManager - INFO - 开始Unicode标识符状态分析...
2025-09-15 16:58:26,616 - UnicodeAnalysisManager - WARNING - 加载已提取字符失败: ，将重新提取
2025-09-15 16:58:28,059 - UnicodeAnalysisManager - INFO - 步骤1: 提取字符...
2025-09-15 17:01:59,865 - UnicodeAnalysisManager - INFO - 步骤2: 检测受限字符...
2025-09-15 17:02:06,830 - UnicodeAnalysisManager - INFO - Unicode标识符状态分析完成
2025-09-15 17:22:10,304 - UnicodeAnalysisManager - INFO - 启用的数据源: reddit
2025-09-15 17:22:10,358 - UnicodeAnalysisManager - INFO - 开始Unicode标识符状态分析...
2025-09-15 17:23:36,111 - UnicodeAnalysisManager - WARNING - 加载已提取字符失败: ，将重新提取
2025-09-15 17:23:37,375 - UnicodeAnalysisManager - INFO - 步骤1: 提取字符...
2025-09-15 17:30:35,062 - UnicodeAnalysisManager - INFO - 步骤2: 检测受限字符...
2025-09-15 17:30:42,152 - UnicodeAnalysisManager - INFO - Unicode标识符状态分析完成
2025-09-15 17:35:28,520 - UnicodeAnalysisManager - INFO - 启用的数据源: reddit
2025-09-15 17:35:28,576 - UnicodeAnalysisManager - INFO - 开始Unicode标识符状态分析...
2025-09-15 17:35:28,577 - UnicodeAnalysisManager - INFO - 步骤1: 智能字符提取...
2025-09-15 17:36:57,226 - UnicodeAnalysisManager - WARNING - 未提取到任何字符
2025-09-15 17:38:13,922 - UnicodeAnalysisManager - INFO - 启用的数据源: reddit
2025-09-15 17:38:13,980 - UnicodeAnalysisManager - INFO - 开始Unicode标识符状态分析...
2025-09-15 17:38:13,980 - UnicodeAnalysisManager - INFO - 步骤1: 智能字符提取...
2025-09-15 17:39:54,812 - UnicodeAnalysisManager - WARNING - 未提取到任何字符
2025-09-15 17:52:02,961 - UnicodeAnalysisManager - INFO - 启用的数据源: reddit
2025-09-15 17:52:03,016 - UnicodeAnalysisManager - INFO - 开始Unicode标识符状态分析...
2025-09-15 17:52:03,016 - UnicodeAnalysisManager - INFO - 步骤1: 智能字符提取...
2025-09-15 17:53:38,135 - UnicodeAnalysisManager - WARNING - 未提取到任何字符
2025-09-15 17:58:52,774 - UnicodeAnalysisManager - INFO - 启用的数据源: reddit
2025-09-15 17:58:52,830 - UnicodeAnalysisManager - INFO - 开始Unicode标识符状态分析...
2025-09-15 17:58:52,831 - UnicodeAnalysisManager - INFO - 步骤1: 智能字符提取...
2025-09-15 18:00:16,371 - UnicodeAnalysisManager - WARNING - 未提取到任何字符
2025-09-15 18:00:16,399 - UnicodeAnalysisManager - ERROR - 未提取到任何字符。存在数据源目录: reddit(reddit_analysis) 字符提取文件状态: reddit(文件存在,12228787778字节) 建议: 可以使用 --force-extract 参数强制重新提取字符
2025-09-15 18:02:54,258 - UnicodeAnalysisManager - INFO - 启用的数据源: reddit
2025-09-15 18:02:54,312 - UnicodeAnalysisManager - INFO - 开始Unicode标识符状态分析...
2025-09-15 18:02:54,313 - UnicodeAnalysisManager - INFO - 步骤1: 智能字符提取...
2025-09-15 18:02:54,324 - UnicodeAnalysisManager - WARNING - 未提取到任何字符
2025-09-15 18:02:54,324 - UnicodeAnalysisManager - ERROR - 未提取到任何字符。存在数据源目录: reddit(reddit_analysis) 字符提取文件状态: reddit(文件存在,11.39GB) 建议: 检测到超大文件(reddit(11.39GB))可能导致内存不足; 建议: 1) 增加系统内存 2) 使用 --force-extract 重新生成文件 3) 分批处理数据
2025-09-15 18:03:02,077 - UnicodeAnalysisManager - INFO - 启用的数据源: reddit
2025-09-15 18:03:02,138 - UnicodeAnalysisManager - INFO - 开始Unicode标识符状态分析...
2025-09-15 18:03:02,138 - UnicodeAnalysisManager - INFO - 步骤1: 智能字符提取...
2025-09-15 18:03:02,140 - UnicodeAnalysisManager - WARNING - 未提取到任何字符
2025-09-15 18:03:02,140 - UnicodeAnalysisManager - ERROR - 未提取到任何字符。存在数据源目录: reddit(reddit_analysis) 字符提取文件状态: reddit(文件存在,11.39GB) 建议: 检测到超大文件(reddit(11.39GB))可能导致内存不足; 建议: 1) 增加系统内存 2) 使用 --force-extract 重新生成文件 3) 分批处理数据
2025-09-15 18:06:41,569 - UnicodeAnalysisManager - INFO - 启用的数据源: reddit
2025-09-15 18:06:41,628 - UnicodeAnalysisManager - INFO - 开始Unicode标识符状态分析...
2025-09-15 18:06:41,629 - UnicodeAnalysisManager - INFO - 步骤1: 智能字符提取...
2025-09-15 18:06:41,630 - UnicodeAnalysisManager - WARNING - 未提取到任何字符
2025-09-15 18:06:41,631 - UnicodeAnalysisManager - ERROR - 未提取到任何字符。存在数据源目录: reddit(reddit_analysis) 字符提取文件状态: reddit(文件存在,11.39GB) 建议: 检测到超大文件(reddit(11.39GB))可能导致内存不足; 建议: 1) 增加系统内存 2) 使用 --force-extract 重新生成文件 3) 分批处理数据
2025-09-15 18:07:18,658 - UnicodeAnalysisManager - INFO - 启用的数据源: reddit
2025-09-15 18:07:18,658 - UnicodeAnalysisManager - INFO - 强制重新提取字符模式已启用
2025-09-15 18:07:18,714 - UnicodeAnalysisManager - INFO - 开始Unicode标识符状态分析...
2025-09-15 18:07:18,715 - UnicodeAnalysisManager - INFO - 步骤1: 智能字符提取...
2025-09-15 18:10:59,286 - UnicodeAnalysisManager - INFO - 步骤2: 检测受限字符...
2025-09-15 18:11:06,281 - UnicodeAnalysisManager - INFO - Unicode标识符状态分析完成
2025-09-16 14:49:47,885 - UnicodeAnalysisManager - INFO - 启用的数据源: twitter
2025-09-16 14:49:47,946 - UnicodeAnalysisManager - INFO - 开始Unicode标识符状态分析...
2025-09-16 14:49:47,946 - UnicodeAnalysisManager - INFO - 步骤1: 智能字符提取...
2025-09-16 14:49:48,263 - UnicodeAnalysisManager - INFO - 步骤2: 检测受限字符...
2025-09-16 14:49:48,282 - UnicodeAnalysisManager - INFO - Unicode标识符状态分析完成
2025-09-16 15:14:13,724 - UnicodeAnalysisManager - INFO - 启用的数据源: twitter
2025-09-16 15:14:13,786 - UnicodeAnalysisManager - INFO - 开始Unicode标识符状态分析...
2025-09-16 15:14:13,786 - UnicodeAnalysisManager - INFO - 步骤1: 智能字符提取...
2025-09-16 15:14:13,871 - UnicodeAnalysisManager - INFO - 步骤2: 检测受限字符...
2025-09-16 15:14:13,891 - UnicodeAnalysisManager - INFO - Unicode标识符状态分析完成
2025-09-16 15:14:47,787 - UnicodeAnalysisManager - INFO - 启用的数据源: html
2025-09-16 15:14:47,848 - UnicodeAnalysisManager - INFO - 开始Unicode标识符状态分析...
2025-09-16 15:14:47,848 - UnicodeAnalysisManager - INFO - 步骤1: 智能字符提取...
2025-09-16 15:14:47,891 - UnicodeAnalysisManager - WARNING - 未提取到任何字符
2025-09-16 15:14:47,906 - UnicodeAnalysisManager - ERROR - 未提取到任何字符。存在数据源目录: html(html_analysis) 字符提取文件状态: html(文件不存在) 建议: 可以使用 --force-extract 参数强制重新提取字符
2025-09-16 15:15:36,471 - UnicodeAnalysisManager - INFO - 启用的数据源: html
2025-09-16 15:15:36,471 - UnicodeAnalysisManager - INFO - 强制重新提取字符模式已启用
2025-09-16 15:15:36,530 - UnicodeAnalysisManager - INFO - 开始Unicode标识符状态分析...
2025-09-16 15:15:36,530 - UnicodeAnalysisManager - INFO - 步骤1: 智能字符提取...
2025-09-16 15:15:36,562 - UnicodeAnalysisManager - WARNING - 未提取到任何字符
2025-09-16 15:15:36,574 - UnicodeAnalysisManager - ERROR - 未提取到任何字符。存在数据源目录: html(html_analysis) 字符提取文件状态: html(文件不存在) 建议: 可以使用 --force-extract 参数强制重新提取字符
2025-09-16 15:22:21,157 - UnicodeAnalysisManager - INFO - 启用的数据源: html
2025-09-16 15:22:21,157 - UnicodeAnalysisManager - INFO - 强制重新提取字符模式已启用
2025-09-16 15:22:21,218 - UnicodeAnalysisManager - INFO - 开始Unicode标识符状态分析...
2025-09-16 15:22:21,218 - UnicodeAnalysisManager - INFO - 步骤1: 智能字符提取...
2025-09-16 16:09:16,932 - UnicodeAnalysisManager - INFO - 启用的数据源: html
2025-09-16 16:09:16,997 - UnicodeAnalysisManager - INFO - 开始Unicode标识符状态分析...
2025-09-16 16:09:16,998 - UnicodeAnalysisManager - INFO - 步骤1: 智能字符提取...
2025-09-16 16:13:18,744 - UnicodeAnalysisManager - INFO - 启用的数据源: twitter
2025-09-16 16:13:18,818 - UnicodeAnalysisManager - INFO - 开始Unicode标识符状态分析...
2025-09-16 16:13:18,818 - UnicodeAnalysisManager - INFO - 步骤1: 智能字符提取...
2025-09-16 16:13:19,001 - UnicodeAnalysisManager - INFO - 步骤2: 检测受限字符...
2025-09-16 16:13:19,072 - UnicodeAnalysisManager - INFO - Unicode标识符状态分析完成
2025-09-16 16:13:29,521 - UnicodeAnalysisManager - INFO - 启用的数据源: reddit
2025-09-16 16:13:29,577 - UnicodeAnalysisManager - INFO - 开始Unicode标识符状态分析...
2025-09-16 16:13:29,577 - UnicodeAnalysisManager - INFO - 步骤1: 智能字符提取...
2025-09-16 16:13:29,614 - UnicodeAnalysisManager - WARNING - 未提取到任何字符
2025-09-16 16:13:29,653 - UnicodeAnalysisManager - ERROR - 未提取到任何字符。存在数据源目录: reddit(reddit_analysis) 字符提取文件状态: reddit(文件存在,11.39GB) 建议: 检测到超大文件(reddit(11.39GB))可能导致内存不足; 建议: 1) 增加系统内存 2) 使用 --force-extract 重新生成文件 3) 分批处理数据
2025-09-16 16:13:39,626 - UnicodeAnalysisManager - INFO - 启用的数据源: reddit
2025-09-16 16:13:39,627 - UnicodeAnalysisManager - INFO - 强制重新提取字符模式已启用
2025-09-16 16:13:39,684 - UnicodeAnalysisManager - INFO - 开始Unicode标识符状态分析...
2025-09-16 16:13:39,684 - UnicodeAnalysisManager - INFO - 步骤1: 智能字符提取...
2025-09-16 16:17:20,467 - UnicodeAnalysisManager - INFO - 步骤2: 检测受限字符...
2025-09-16 16:17:27,702 - UnicodeAnalysisManager - INFO - Unicode标识符状态分析完成
2025-09-16 16:33:20,396 - UnicodeAnalysisManager - INFO - 启用的数据源: twitter
2025-09-16 16:33:20,454 - UnicodeAnalysisManager - INFO - 开始Unicode标识符状态分析...
2025-09-16 16:33:20,455 - UnicodeAnalysisManager - INFO - 步骤1: 智能字符提取...
2025-09-16 16:33:20,533 - UnicodeAnalysisManager - INFO - 步骤2: 检测受限字符...
2025-09-16 16:33:20,552 - UnicodeAnalysisManager - INFO - Unicode标识符状态分析完成
2025-09-19 14:21:35,403 - UnicodeAnalysisManager - INFO - 启用的数据源: twitter
2025-09-19 14:21:35,526 - UnicodeAnalysisManager - ERROR - 初始化同形异义字符检测器失败: 'UnicodeAnalysisManager' object has no attribute 'analysis_output_dir'
2025-09-19 14:21:35,526 - UnicodeAnalysisManager - INFO - 开始Unicode标识符状态分析...
2025-09-19 14:21:35,526 - UnicodeAnalysisManager - INFO - 步骤1: 智能字符提取...
2025-09-19 14:21:35,685 - UnicodeAnalysisManager - INFO - 步骤2: 检测受限字符...
2025-09-19 14:21:35,719 - UnicodeAnalysisManager - INFO - 步骤3: 跳过同形异义字符检测
2025-09-19 14:21:35,726 - UnicodeAnalysisManager - INFO - Unicode标识符状态分析完成
2025-09-19 14:25:37,142 - UnicodeAnalysisManager - INFO - 启用的数据源: twitter
2025-09-19 14:25:37,324 - UnicodeAnalysisManager - INFO - 同形异义字符检测器已启用
2025-09-19 14:25:37,324 - UnicodeAnalysisManager - INFO - 开始Unicode标识符状态分析...
2025-09-19 14:25:37,325 - UnicodeAnalysisManager - INFO - 步骤1: 智能字符提取...
2025-09-19 14:25:37,398 - UnicodeAnalysisManager - INFO - 步骤2: 检测受限字符...
2025-09-19 14:25:37,415 - UnicodeAnalysisManager - INFO - 步骤3: 检测同形异义字符...
2025-09-19 14:25:37,482 - UnicodeAnalysisManager - INFO - Unicode标识符状态分析完成
2025-09-19 14:40:00,079 - UnicodeAnalysisManager - INFO - 启用的数据源: twitter
2025-09-19 14:40:00,179 - UnicodeAnalysisManager - INFO - 同形异义字符检测器已启用
2025-09-19 14:40:00,179 - UnicodeAnalysisManager - INFO - 开始Unicode标识符状态分析...
2025-09-19 14:40:00,180 - UnicodeAnalysisManager - INFO - 使用单一数据源路径: D:\pythonproject\Unicode_Agent\testscan\testscan_data\parsed_data\twitter_analysis
2025-09-19 14:40:00,180 - UnicodeAnalysisManager - INFO - 步骤1: 智能字符提取...
2025-09-19 14:40:00,257 - UnicodeAnalysisManager - INFO - 步骤2: 检测受限字符...
2025-09-19 14:40:00,273 - UnicodeAnalysisManager - INFO - 步骤3: 检测同形异义字符...
2025-09-19 14:40:00,304 - UnicodeAnalysisManager - INFO - Unicode标识符状态分析完成
2025-09-19 16:52:53,463 - UnicodeAnalysisManager - INFO - 启用的数据源: twitter
2025-09-19 16:52:53,558 - UnicodeAnalysisManager - INFO - 同形异义字符检测器已启用
2025-09-19 16:52:53,559 - UnicodeAnalysisManager - INFO - 开始Unicode标识符状态分析...
2025-09-19 16:52:53,559 - UnicodeAnalysisManager - INFO - 使用单一数据源路径: D:\pythonproject\Unicode_Agent\testscan\testscan_data\parsed_data\twitter_analysis
2025-09-19 16:52:53,559 - UnicodeAnalysisManager - INFO - 步骤1: 智能字符提取...
2025-09-19 16:52:53,667 - UnicodeAnalysisManager - INFO - 步骤2: 检测受限字符...
2025-09-19 16:52:53,683 - UnicodeAnalysisManager - INFO - 步骤3: 检测同形异义字符...
2025-09-19 16:52:53,697 - UnicodeAnalysisManager - INFO - Unicode标识符状态分析完成
2025-09-19 16:53:33,879 - UnicodeAnalysisManager - INFO - 启用的数据源: twitter
2025-09-19 16:53:33,959 - UnicodeAnalysisManager - INFO - 同形异义字符检测器已启用
2025-09-19 16:53:33,960 - UnicodeAnalysisManager - INFO - 开始Unicode标识符状态分析...
2025-09-19 16:53:33,960 - UnicodeAnalysisManager - INFO - 使用单一数据源路径: D:\pythonproject\Unicode_Agent\testscan\testscan_data\parsed_data\twitter_analysis
2025-09-19 16:53:33,960 - UnicodeAnalysisManager - INFO - 步骤1: 智能字符提取...
2025-09-19 16:53:34,033 - UnicodeAnalysisManager - INFO - 步骤2: 检测受限字符...
2025-09-19 16:53:34,047 - UnicodeAnalysisManager - INFO - 步骤3: 检测同形异义字符...
2025-09-19 16:53:34,063 - UnicodeAnalysisManager - INFO - Unicode标识符状态分析完成
2025-09-19 17:07:51,603 - UnicodeAnalysisManager - INFO - 启用的数据源: twitter
2025-09-19 17:07:51,683 - UnicodeAnalysisManager - INFO - 同形异义字符检测器已启用
2025-09-19 17:07:51,685 - UnicodeAnalysisManager - INFO - 开始Unicode标识符状态分析...
2025-09-19 17:07:51,685 - UnicodeAnalysisManager - INFO - 使用单一数据源路径: D:\pythonproject\Unicode_Agent\testscan\testscan_data\parsed_data\twitter_analysis
2025-09-19 17:07:51,685 - UnicodeAnalysisManager - INFO - 步骤1: 智能字符提取...
2025-09-19 17:07:51,756 - UnicodeAnalysisManager - INFO - 步骤2: 检测受限字符...
2025-09-19 17:07:51,772 - UnicodeAnalysisManager - INFO - 步骤3: 检测同形异义字符...
2025-09-19 17:07:51,800 - UnicodeAnalysisManager - INFO - Unicode标识符状态分析完成
2025-09-23 14:46:28,283 - UnicodeAnalysisManager - INFO - 启用的数据源: twitter
2025-09-23 14:46:28,394 - UnicodeAnalysisManager - INFO - 同形异义字符检测器已启用
2025-09-23 14:46:28,395 - UnicodeAnalysisManager - INFO - 开始Unicode标识符状态分析...
2025-09-23 14:46:28,395 - UnicodeAnalysisManager - INFO - 使用单一数据源路径: D:\pythonproject\Unicode_Agent\testscan\testscan_data\parsed_data\twitter_analysis
2025-09-23 14:46:28,395 - UnicodeAnalysisManager - INFO - 步骤1: 智能字符提取...
2025-09-23 14:46:28,489 - UnicodeAnalysisManager - INFO - 步骤2: 检测受限字符...
2025-09-23 14:46:28,504 - UnicodeAnalysisManager - INFO - 步骤3: 检测同形异义字符...
2025-09-23 14:46:28,527 - UnicodeAnalysisManager - INFO - Unicode标识符状态分析完成
2025-10-11 15:03:48,437 - UnicodeAnalysisManager - INFO - 启用的数据源: json, csv, xml, html, reddit, twitter
2025-10-11 15:03:48,545 - UnicodeAnalysisManager - INFO - 同形异义字符检测器已启用
2025-10-11 15:03:48,546 - UnicodeAnalysisManager - INFO - 开始Unicode标识符状态分析...
2025-10-11 15:03:48,546 - UnicodeAnalysisManager - INFO - 使用多数据源路径: D:\pythonproject\Unicode_Agent\testscan\testscan_data\parsed_data
2025-10-11 15:03:48,546 - UnicodeAnalysisManager - INFO - 步骤1: 智能字符提取...
2025-10-11 15:04:17,070 - UnicodeAnalysisManager - INFO - 启用的数据源: twitter
2025-10-11 15:04:17,170 - UnicodeAnalysisManager - INFO - 同形异义字符检测器已启用
2025-10-11 15:04:17,170 - UnicodeAnalysisManager - INFO - 开始Unicode标识符状态分析...
2025-10-11 15:04:17,170 - UnicodeAnalysisManager - INFO - 使用单一数据源路径: D:\pythonproject\Unicode_Agent\testscan\testscan_data\parsed_data\twitter_analysis
2025-10-11 15:04:17,171 - UnicodeAnalysisManager - INFO - 步骤1: 智能字符提取...
2025-10-11 15:04:17,290 - UnicodeAnalysisManager - INFO - 步骤2: 检测受限字符...
2025-10-11 15:04:17,321 - UnicodeAnalysisManager - INFO - 步骤3: 检测同形异义字符...
2025-10-11 15:04:17,371 - UnicodeAnalysisManager - INFO - Unicode标识符状态分析完成
